<?xml version="1.0" encoding="UTF-8"?>
<!-- Generated by org.testng.reporters.JUnitReportReporter -->
<testsuite skipped="0" hostname="DESKTOP-H4BVQ2V" name="TestCases.DraftClass" tests="1" failures="0" timestamp="2020-05-10T18:40:51 EDT" time="5.151" errors="0">
  <testcase name="startApplication" time="5.151" classname="TestCases.DraftClass"/>
  <system-out/>
</testsuite> <!-- TestCases.DraftClass -->
